2016-12-11 13:00:50,540 [Worker-4] DEBUG class java.lang.Class - Starting Andmore Common Plugin...
2016-12-11 13:00:50,541 [Worker-4] DEBUG class java.lang.Class - Andmore Common Plugin started.
2016-12-11 13:00:50,541 [Worker-4] DEBUG class java.lang.Class - Starting Andmore Plugin...
2016-12-11 13:00:50,545 [Worker-4] DEBUG class java.lang.Class - Andmore Plugin started.
2016-12-11 13:00:50,606 [Worker-4] DEBUG class java.lang.Class - Starting Andmore Emulator Plugin...
2016-12-11 13:00:50,687 [Worker-4] DEBUG class java.lang.Class - Andmore Emulator Plugin started.
2016-12-11 13:00:57,855 [Worker-4] DEBUG class java.lang.Class - Starting Andmore Device Services Plugin...
2016-12-11 13:00:57,856 [Worker-4] DEBUG class java.lang.Class - Andmore Device Services Plugin started.
2016-12-11 13:00:57,971 [Worker-4] DEBUG class java.lang.Class - Starting Andmore Handset Plugin...
2016-12-11 13:00:57,972 [Worker-4] DEBUG class java.lang.Class - Andmore Handset Plugin started.
2016-12-11 13:00:58,062 [Worker-4] DEBUG class java.lang.Class - Starting Andmore Remote Device Plugin...
2016-12-11 13:00:58,063 [Worker-4] DEBUG class java.lang.Class - Starting Andmore Remote Device Plugin started.
2016-12-11 13:00:58,170 [Worker-4] ERROR Studio for Android - Handler could not be instanced(PLUGIN=org.eclipse.sequoyah.device.framework;ERROR=202)
2016-12-11 13:00:58,170 [Worker-4] ERROR Studio for Android - Handler could not be instanced(PLUGIN=org.eclipse.sequoyah.device.framework;ERROR=202)
2016-12-11 13:00:58,171 [Worker-4] ERROR Studio for Android - Handler could not be instanced(PLUGIN=org.eclipse.sequoyah.device.framework;ERROR=202)
2016-12-11 13:00:58,171 [Worker-4] ERROR Studio for Android - Handler could not be instanced(PLUGIN=org.eclipse.sequoyah.device.framework;ERROR=202)
2016-12-11 13:00:58,171 [Worker-4] ERROR Studio for Android - Handler could not be instanced(PLUGIN=org.eclipse.sequoyah.device.framework;ERROR=202)
2016-12-11 13:00:58,171 [Worker-4] ERROR Studio for Android - Handler could not be instanced(PLUGIN=org.eclipse.sequoyah.device.framework;ERROR=202)
2016-12-11 13:00:58,174 [Worker-4] ERROR Studio for Android - Handler could not be instanced(PLUGIN=org.eclipse.sequoyah.device.framework;ERROR=202)
2016-12-11 13:00:58,174 [Worker-4] ERROR Studio for Android - Handler could not be instanced(PLUGIN=org.eclipse.sequoyah.device.framework;ERROR=202)
2016-12-11 13:00:58,174 [Worker-4] ERROR Studio for Android - Handler could not be instanced(PLUGIN=org.eclipse.sequoyah.device.framework;ERROR=202)
2016-12-11 13:00:58,175 [Worker-4] ERROR Studio for Android - Handler could not be instanced(PLUGIN=org.eclipse.sequoyah.device.framework;ERROR=202)
2016-12-11 13:00:58,180 [Worker-4] ERROR Studio for Android - Handler could not be instanced(PLUGIN=org.eclipse.sequoyah.device.framework;ERROR=202)
2016-12-11 13:00:58,181 [Worker-4] ERROR Studio for Android - Handler could not be instanced(PLUGIN=org.eclipse.sequoyah.device.framework;ERROR=202)
2016-12-11 13:00:58,182 [Worker-4] ERROR Studio for Android - Handler could not be instanced(PLUGIN=org.eclipse.sequoyah.device.framework;ERROR=202)
2016-12-11 13:00:58,182 [Worker-4] ERROR Studio for Android - Handler could not be instanced(PLUGIN=org.eclipse.sequoyah.device.framework;ERROR=202)
2016-12-11 13:00:58,182 [Worker-4] ERROR Studio for Android - Handler could not be instanced(PLUGIN=org.eclipse.sequoyah.device.framework;ERROR=202)
2016-12-11 13:00:58,183 [Worker-4] ERROR Studio for Android - Handler could not be instanced(PLUGIN=org.eclipse.sequoyah.device.framework;ERROR=202)
2016-12-11 13:00:58,183 [Worker-4] ERROR Studio for Android - Handler could not be instanced(PLUGIN=org.eclipse.sequoyah.device.framework;ERROR=202)
2016-12-11 13:00:58,186 [Worker-4] ERROR Studio for Android - Handler could not be instanced(PLUGIN=org.eclipse.sequoyah.device.framework;ERROR=202)
2016-12-11 13:00:58,186 [Worker-4] ERROR Studio for Android - Handler could not be instanced(PLUGIN=org.eclipse.sequoyah.device.framework;ERROR=202)
2016-12-11 13:00:58,186 [Worker-4] ERROR Studio for Android - Handler could not be instanced(PLUGIN=org.eclipse.sequoyah.device.framework;ERROR=202)
2016-12-11 13:00:58,187 [Worker-4] ERROR Studio for Android - Handler could not be instanced(PLUGIN=org.eclipse.sequoyah.device.framework;ERROR=202)
2016-12-11 13:00:58,188 [Worker-4] ERROR Studio for Android - Handler could not be instanced(PLUGIN=org.eclipse.sequoyah.device.framework;ERROR=202)
2016-12-11 13:00:58,188 [Worker-4] ERROR Studio for Android - Handler could not be instanced(PLUGIN=org.eclipse.sequoyah.device.framework;ERROR=202)
2016-12-11 13:00:58,189 [Worker-4] ERROR Studio for Android - Handler could not be instanced(PLUGIN=org.eclipse.sequoyah.device.framework;ERROR=202)
2016-12-11 13:00:58,189 [Worker-4] ERROR Studio for Android - Handler could not be instanced(PLUGIN=org.eclipse.sequoyah.device.framework;ERROR=202)
2016-12-11 13:00:58,189 [Worker-4] ERROR Studio for Android - Handler could not be instanced(PLUGIN=org.eclipse.sequoyah.device.framework;ERROR=202)
2016-12-11 13:00:58,189 [Worker-4] ERROR Studio for Android - Handler could not be instanced(PLUGIN=org.eclipse.sequoyah.device.framework;ERROR=202)
2016-12-11 13:00:58,189 [Worker-4] ERROR Studio for Android - Handler could not be instanced(PLUGIN=org.eclipse.sequoyah.device.framework;ERROR=202)
2016-12-11 13:00:58,190 [Worker-4] ERROR Studio for Android - Handler could not be instanced(PLUGIN=org.eclipse.sequoyah.device.framework;ERROR=202)
2016-12-11 13:00:58,190 [Worker-4] ERROR Studio for Android - Handler could not be instanced(PLUGIN=org.eclipse.sequoyah.device.framework;ERROR=202)
2016-12-11 13:00:58,190 [Worker-4] INFO  Studio for Android - [Status: id=org.eclipse.andmore.android.emulator.status.offline;name=Offline]
2016-12-11 13:00:58,190 [Worker-4] INFO  Studio for Android - [Status: id=org.eclipse.andmore.android.handset.status.handsetonline;name=Online]
2016-12-11 13:00:58,190 [Worker-4] INFO  Studio for Android - [Status: id=INACTIVE;name=INACTIVE]
2016-12-11 13:00:58,190 [Worker-4] INFO  Studio for Android - [Status: id=org.eclipse.andmore.android.emulator.status.notavailable;name=Not available]
2016-12-11 13:00:58,191 [Worker-4] INFO  Studio for Android - [Status: id=IDLE;name=IDLE]
2016-12-11 13:00:58,191 [Worker-4] INFO  Studio for Android - [Status: id=org.eclipse.andmore.android.remote.status.connected;name=Connected]
2016-12-11 13:00:58,191 [Worker-4] INFO  Studio for Android - [Status: id=org.eclipse.andmore.android.remote.status.disconnected;name=Disconnected]
2016-12-11 13:00:58,191 [Worker-4] INFO  Studio for Android - [Status: id=org.eclipse.andmore.android.emulator.status.online;name=Online]
2016-12-11 13:00:58,191 [Worker-4] INFO  Studio for Android - [Status: id=OFF;name=OFF]
2016-12-11 13:00:58,191 [Worker-4] INFO  Studio for Android - [Status: id=org.eclipse.andmore.android.emulator.status.offlineNoData;name=Offline (no user data)]
2016-12-11 13:10:22,388 [main] DEBUG class java.lang.Class - Starting Eclipse Andmore Database Core Plugin...
2016-12-11 13:10:22,710 [main] DEBUG Studio for Android - JDBC Driver Location:bundleentry://69.fwk1007603019/res/androidjdbc.jar JDBC Driver getBundle().getLocation():reference:file:/C:/Users/ashut/.p2/pool/plugins/org.eclipse.andmore.android.common_0.5.0.201605181018.jar
2016-12-11 13:10:22,989 [main] DEBUG Studio for Android - JDBC Driver Path:C:\Users\ashut\eclipse\android-neon\eclipse\configuration\org.eclipse.osgi\69\0\.cp\res\androidjdbc.jar
2016-12-11 13:10:22,989 [main] DEBUG Studio for Android - JDBC Driver Location:bundleentry://69.fwk1007603019/res/androidjdbc.jar JDBC Driver getBundle().getLocation():reference:file:/C:/Users/ashut/.p2/pool/plugins/org.eclipse.andmore.android.common_0.5.0.201605181018.jar
2016-12-11 13:10:22,990 [main] DEBUG Studio for Android - JDBC Driver Path:C:\Users\ashut\eclipse\android-neon\eclipse\configuration\org.eclipse.osgi\69\0\.cp\res\androidjdbc.jar
2016-12-11 13:10:23,049 [main] INFO  Studio for Android - Created a JDBC driver instance at Data Tools.
2016-12-11 13:10:23,071 [main] DEBUG class java.lang.Class - Eclipse Andmore Database Core Plugin started.
2016-12-11 13:10:23,072 [main] DEBUG class java.lang.Class - Starting Eclipse Andmore Database Devices Support Plugin...
2016-12-11 13:10:23,080 [main] DEBUG class java.lang.Class - Eclipse Andmore Database Devices Support Plugin started...
2016-12-11 13:10:25,530 [Framework stop] DEBUG Studio for Android - org.eclipse.sequoyah.device.service.start.StartServicePlugin-SHUTDOWN
2016-12-11 13:10:25,599 [Framework stop] DEBUG Studio for Android - org.eclipse.sequoyah.device.framework.ui.DeviceUIPlugin-SHUTDOWN
2016-12-11 13:10:25,600 [Framework stop] DEBUG Studio for Android - org.eclipse.sequoyah.device.service.stop.StopServicePlugin-SHUTDOWN
2016-12-11 13:10:25,600 [Framework stop] DEBUG Studio for Android - org.eclipse.sequoyah.device.framework.DevicePlugin-SHUTDOWN
